[debug] [2021-01-18T21:42:29.503Z] ----------------------------------------------------------------------
[debug] [2021-01-18T21:42:29.506Z] Command:       C:\Program Files\nodejs\node.exe C:\Users\jnico\AppData\Roaming\npm\node_modules\firebase-tools\lib\bin\firebase.js serve
[debug] [2021-01-18T21:42:29.506Z] CLI Version:   9.1.2
[debug] [2021-01-18T21:42:29.506Z] Platform:      win32
[debug] [2021-01-18T21:42:29.506Z] Node Version:  v12.18.1
[debug] [2021-01-18T21:42:29.507Z] Time:          Mon Jan 18 2021 16:42:29 GMT-0500 (Eastern Standard Time)
[debug] [2021-01-18T21:42:29.508Z] ----------------------------------------------------------------------
[debug] [2021-01-18T21:42:29.508Z] 
[debug] [2021-01-18T21:42:29.516Z] > command requires scopes: ["email","openid","https://www.googleapis.com/auth/cloudplatformprojects.readonly","https://www.googleapis.com/auth/firebase","https://www.googleapis.com/auth/cloud-platform"]
[debug] [2021-01-18T21:42:29.517Z] > authorizing via signed-in user
[debug] [2021-01-18T21:42:29.517Z] [iam] checking project thoughtfulv3 for permissions ["firebase.projects.get"]
[debug] [2021-01-18T21:42:29.520Z] >>> HTTP REQUEST POST https://cloudresourcemanager.googleapis.com/v1/projects/thoughtfulv3:testIamPermissions  
 {"permissions":["firebase.projects.get"]}
[debug] [2021-01-18T21:42:29.833Z] <<< HTTP RESPONSE 200 {"content-type":"application/json; charset=UTF-8","vary":"X-Origin, Referer, Origin,Accept-Encoding","date":"Mon, 18 Jan 2021 21:42:30 GMT","server":"ESF","cache-control":"private","x-xss-protection":"0","x-frame-options":"SAMEORIGIN","x-content-type-options":"nosniff","server-timing":"gfet4t7; dur=182","alt-svc":"h3-29=\":443\"; ma=2592000,h3-T051=\":443\"; ma=2592000,h3-Q050=\":443\"; ma=2592000,h3-Q046=\":443\"; ma=2592000,h3-Q043=\":443\"; ma=2592000,quic=\":443\"; ma=2592000; v=\"46,43\"","accept-ranges":"none","transfer-encoding":"chunked"}
[debug] [2021-01-18T21:42:29.835Z] >>> HTTP REQUEST GET https://firebase.googleapis.com/v1beta1/projects/thoughtfulv3  
 
[debug] [2021-01-18T21:42:30.189Z] <<< HTTP RESPONSE 200 {"content-type":"application/json; charset=UTF-8","vary":"X-Origin, Referer, Origin,Accept-Encoding","date":"Mon, 18 Jan 2021 21:42:31 GMT","server":"ESF","cache-control":"private","x-xss-protection":"0","x-frame-options":"SAMEORIGIN","x-content-type-options":"nosniff","alt-svc":"h3-29=\":443\"; ma=2592000,h3-T051=\":443\"; ma=2592000,h3-Q050=\":443\"; ma=2592000,h3-Q046=\":443\"; ma=2592000,h3-Q043=\":443\"; ma=2592000,quic=\":443\"; ma=2592000; v=\"46,43\"","accept-ranges":"none","transfer-encoding":"chunked"}
[info] 
[info] === Serving from 'C:\Users\jnico\Desktop\projects\projects\occasions'...
[info] 
[info] +  functions: Using node@12 from host. {"metadata":{"emulator":{"name":"functions"},"message":"Using node@12 from host."}}
[debug] [2021-01-18T21:42:32.201Z] defaultcredentials: writing to file C:\Users\jnico\AppData\Roaming\firebase\jnicolon_gmail_com_application_default_credentials.json
[debug] [2021-01-18T21:42:32.203Z] Setting GAC to C:\Users\jnico\AppData\Roaming\firebase\jnicolon_gmail_com_application_default_credentials.json {"metadata":{"emulator":{"name":"functions"},"message":"Setting GAC to C:\\Users\\jnico\\AppData\\Roaming\\firebase\\jnicolon_gmail_com_application_default_credentials.json"}}
[debug] [2021-01-18T21:42:32.204Z] > refreshing access token with scopes: []
[debug] [2021-01-18T21:42:32.204Z] >>> HTTP REQUEST POST https://www.googleapis.com/oauth2/v3/token  
 <request body omitted>
[debug] [2021-01-18T21:42:32.362Z] <<< HTTP RESPONSE 200 {"pragma":"no-cache","cache-control":"no-cache, no-store, max-age=0, must-revalidate","date":"Mon, 18 Jan 2021 21:42:33 GMT","expires":"Mon, 01 Jan 1990 00:00:00 GMT","content-type":"application/json; charset=utf-8","vary":"X-Origin, Referer, Origin,Accept-Encoding","server":"scaffolding on HTTPServer2","x-xss-protection":"0","x-frame-options":"SAMEORIGIN","x-content-type-options":"nosniff","alt-svc":"h3-29=\":443\"; ma=2592000,h3-T051=\":443\"; ma=2592000,h3-Q050=\":443\"; ma=2592000,h3-Q046=\":443\"; ma=2592000,h3-Q043=\":443\"; ma=2592000,quic=\":443\"; ma=2592000; v=\"46,43\"","accept-ranges":"none","transfer-encoding":"chunked"}
[debug] [2021-01-18T21:42:32.396Z] >>> [apiv2][query] GET https://firebase.googleapis.com/v1beta1/projects/thoughtfulv3/adminSdkConfig [none]
[debug] [2021-01-18T21:42:33.057Z] <<< [apiv2][status] GET https://firebase.googleapis.com/v1beta1/projects/thoughtfulv3/adminSdkConfig 200
[debug] [2021-01-18T21:42:33.057Z] <<< [apiv2][body] GET https://firebase.googleapis.com/v1beta1/projects/thoughtfulv3/adminSdkConfig {"projectId":"thoughtfulv3","databaseURL":"https://thoughtfulv3-default-rtdb.firebaseio.com","storageBucket":"thoughtfulv3.appspot.com","locationId":"northamerica-northeast1"}
[info] i  functions: Watching "C:\Users\jnico\Desktop\projects\projects\occasions\functions" for Cloud Functions... {"metadata":{"emulator":{"name":"functions"},"message":"Watching \"C:\\Users\\jnico\\Desktop\\projects\\projects\\occasions\\functions\" for Cloud Functions..."}}
[debug] [2021-01-18T21:42:33.144Z] [worker-pool] addWorker(~diagnostic~) {"metadata":{"emulator":{"name":"functions"},"message":"[worker-pool] addWorker(~diagnostic~)"}}
[debug] [2021-01-18T21:42:33.145Z] [worker-pool] Adding worker with key ~diagnostic~, total=1 {"metadata":{"emulator":{"name":"functions"},"message":"[worker-pool] Adding worker with key ~diagnostic~, total=1"}}
[debug] [2021-01-18T21:42:33.145Z] [worker-pool] submitWork(triggerId=) {"metadata":{"emulator":{"name":"functions"},"message":"[worker-pool] submitWork(triggerId=)"}}
[debug] [2021-01-18T21:42:33.146Z] [worker-~diagnostic~-6513d742-cd28-4bc8-95f7-dfd438e31ab1]: Assigning socketPath: \\?\pipe\C:\Users\jnico\Desktop\projects\projects\occasions\functions\16732 {"metadata":{"emulator":{"name":"functions"},"message":"[worker-~diagnostic~-6513d742-cd28-4bc8-95f7-dfd438e31ab1]: Assigning socketPath: \\\\?\\pipe\\C:\\Users\\jnico\\Desktop\\projects\\projects\\occasions\\functions\\16732"}}
[debug] [2021-01-18T21:42:33.146Z] [worker-~diagnostic~-6513d742-cd28-4bc8-95f7-dfd438e31ab1]: BUSY {"metadata":{"emulator":{"name":"functions"},"message":"[worker-~diagnostic~-6513d742-cd28-4bc8-95f7-dfd438e31ab1]: BUSY"}}
[debug] [2021-01-18T21:42:33.440Z] [runtime-status] [16732] Functions runtime initialized. {"cwd":"C:\\Users\\jnico\\Desktop\\projects\\projects\\occasions\\functions","node_version":"12.18.1"} {"metadata":{"emulator":{"name":"functions"},"message":"[runtime-status] [16732] Functions runtime initialized. {\"cwd\":\"C:\\\\Users\\\\jnico\\\\Desktop\\\\projects\\\\projects\\\\occasions\\\\functions\",\"node_version\":\"12.18.1\"}"}}
[debug] [2021-01-18T21:42:33.440Z] [runtime-status] [16732] Disabled runtime features: undefined {"metadata":{"emulator":{"name":"functions"},"message":"[runtime-status] [16732] Disabled runtime features: undefined"}}
[debug] [2021-01-18T21:42:33.444Z] [runtime-status] [16732] Resolved module firebase-admin {"declared":true,"installed":true,"version":"9.4.2","resolution":"C:\\Users\\jnico\\Desktop\\projects\\projects\\occasions\\functions\\node_modules\\firebase-admin\\lib\\index.js"} {"metadata":{"emulator":{"name":"functions"},"message":"[runtime-status] [16732] Resolved module firebase-admin {\"declared\":true,\"installed\":true,\"version\":\"9.4.2\",\"resolution\":\"C:\\\\Users\\\\jnico\\\\Desktop\\\\projects\\\\projects\\\\occasions\\\\functions\\\\node_modules\\\\firebase-admin\\\\lib\\\\index.js\"}"}}
[debug] [2021-01-18T21:42:33.446Z] [runtime-status] [16732] Resolved module firebase-functions {"declared":true,"installed":true,"version":"3.13.0","resolution":"C:\\Users\\jnico\\Desktop\\projects\\projects\\occasions\\functions\\node_modules\\firebase-functions\\lib\\index.js"} {"metadata":{"emulator":{"name":"functions"},"message":"[runtime-status] [16732] Resolved module firebase-functions {\"declared\":true,\"installed\":true,\"version\":\"3.13.0\",\"resolution\":\"C:\\\\Users\\\\jnico\\\\Desktop\\\\projects\\\\projects\\\\occasions\\\\functions\\\\node_modules\\\\firebase-functions\\\\lib\\\\index.js\"}"}}
[debug] [2021-01-18T21:42:33.447Z] [runtime-status] [16732] Resolved module firebase-functions {"declared":true,"installed":true,"version":"3.13.0","resolution":"C:\\Users\\jnico\\Desktop\\projects\\projects\\occasions\\functions\\node_modules\\firebase-functions\\lib\\index.js"} {"metadata":{"emulator":{"name":"functions"},"message":"[runtime-status] [16732] Resolved module firebase-functions {\"declared\":true,\"installed\":true,\"version\":\"3.13.0\",\"resolution\":\"C:\\\\Users\\\\jnico\\\\Desktop\\\\projects\\\\projects\\\\occasions\\\\functions\\\\node_modules\\\\firebase-functions\\\\lib\\\\index.js\"}"}}
[debug] [2021-01-18T21:42:33.449Z] [runtime-status] [16732] Outgoing network have been stubbed. [{"name":"http","status":"mocked"},{"name":"http","status":"mocked"},{"name":"https","status":"mocked"},{"name":"https","status":"mocked"},{"name":"net","status":"mocked"}] {"metadata":{"emulator":{"name":"functions"},"message":"[runtime-status] [16732] Outgoing network have been stubbed. [{\"name\":\"http\",\"status\":\"mocked\"},{\"name\":\"http\",\"status\":\"mocked\"},{\"name\":\"https\",\"status\":\"mocked\"},{\"name\":\"https\",\"status\":\"mocked\"},{\"name\":\"net\",\"status\":\"mocked\"}]"}}
[debug] [2021-01-18T21:42:33.450Z] [runtime-status] [16732] Resolved module firebase-functions {"declared":true,"installed":true,"version":"3.13.0","resolution":"C:\\Users\\jnico\\Desktop\\projects\\projects\\occasions\\functions\\node_modules\\firebase-functions\\lib\\index.js"} {"metadata":{"emulator":{"name":"functions"},"message":"[runtime-status] [16732] Resolved module firebase-functions {\"declared\":true,\"installed\":true,\"version\":\"3.13.0\",\"resolution\":\"C:\\\\Users\\\\jnico\\\\Desktop\\\\projects\\\\projects\\\\occasions\\\\functions\\\\node_modules\\\\firebase-functions\\\\lib\\\\index.js\"}"}}
[debug] [2021-01-18T21:42:33.506Z] [runtime-status] [16732] Checked functions.config() {"config":{}} {"metadata":{"emulator":{"name":"functions"},"message":"[runtime-status] [16732] Checked functions.config() {\"config\":{}}"}}
[debug] [2021-01-18T21:42:33.506Z] [runtime-status] [16732] firebase-functions has been stubbed. {"functionsResolution":{"declared":true,"installed":true,"version":"3.13.0","resolution":"C:\\Users\\jnico\\Desktop\\projects\\projects\\occasions\\functions\\node_modules\\firebase-functions\\lib\\index.js"}} {"metadata":{"emulator":{"name":"functions"},"message":"[runtime-status] [16732] firebase-functions has been stubbed. {\"functionsResolution\":{\"declared\":true,\"installed\":true,\"version\":\"3.13.0\",\"resolution\":\"C:\\\\Users\\\\jnico\\\\Desktop\\\\projects\\\\projects\\\\occasions\\\\functions\\\\node_modules\\\\firebase-functions\\\\lib\\\\index.js\"}}"}}
[debug] [2021-01-18T21:42:33.506Z] [runtime-status] [16732] Resolved module firebase-functions {"declared":true,"installed":true,"version":"3.13.0","resolution":"C:\\Users\\jnico\\Desktop\\projects\\projects\\occasions\\functions\\node_modules\\firebase-functions\\lib\\index.js"} {"metadata":{"emulator":{"name":"functions"},"message":"[runtime-status] [16732] Resolved module firebase-functions {\"declared\":true,\"installed\":true,\"version\":\"3.13.0\",\"resolution\":\"C:\\\\Users\\\\jnico\\\\Desktop\\\\projects\\\\projects\\\\occasions\\\\functions\\\\node_modules\\\\firebase-functions\\\\lib\\\\index.js\"}"}}
[debug] [2021-01-18T21:42:33.508Z] [runtime-status] [16732] Resolved module firebase-admin {"declared":true,"installed":true,"version":"9.4.2","resolution":"C:\\Users\\jnico\\Desktop\\projects\\projects\\occasions\\functions\\node_modules\\firebase-admin\\lib\\index.js"} {"metadata":{"emulator":{"name":"functions"},"message":"[runtime-status] [16732] Resolved module firebase-admin {\"declared\":true,\"installed\":true,\"version\":\"9.4.2\",\"resolution\":\"C:\\\\Users\\\\jnico\\\\Desktop\\\\projects\\\\projects\\\\occasions\\\\functions\\\\node_modules\\\\firebase-admin\\\\lib\\\\index.js\"}"}}
[debug] [2021-01-18T21:42:33.508Z] [runtime-status] [16732] Resolved module firebase-functions {"declared":true,"installed":true,"version":"3.13.0","resolution":"C:\\Users\\jnico\\Desktop\\projects\\projects\\occasions\\functions\\node_modules\\firebase-functions\\lib\\index.js"} {"metadata":{"emulator":{"name":"functions"},"message":"[runtime-status] [16732] Resolved module firebase-functions {\"declared\":true,\"installed\":true,\"version\":\"3.13.0\",\"resolution\":\"C:\\\\Users\\\\jnico\\\\Desktop\\\\projects\\\\projects\\\\occasions\\\\functions\\\\node_modules\\\\firebase-functions\\\\lib\\\\index.js\"}"}}
[debug] [2021-01-18T21:42:33.508Z] [runtime-status] [16732] firebase-admin has been stubbed. {"adminResolution":{"declared":true,"installed":true,"version":"9.4.2","resolution":"C:\\Users\\jnico\\Desktop\\projects\\projects\\occasions\\functions\\node_modules\\firebase-admin\\lib\\index.js"}} {"metadata":{"emulator":{"name":"functions"},"message":"[runtime-status] [16732] firebase-admin has been stubbed. {\"adminResolution\":{\"declared\":true,\"installed\":true,\"version\":\"9.4.2\",\"resolution\":\"C:\\\\Users\\\\jnico\\\\Desktop\\\\projects\\\\projects\\\\occasions\\\\functions\\\\node_modules\\\\firebase-admin\\\\lib\\\\index.js\"}}"}}
[debug] [2021-01-18T21:42:33.512Z] [runtime-status] [16732] initializeApp(DEFAULT) {"storageBucket":"thoughtfulv3.appspot.com","databaseURL":"https://thoughtfulv3-default-rtdb.firebaseio.com","projectId":"thoughtfulv3"} {"metadata":{"emulator":{"name":"functions"},"message":"[runtime-status] [16732] initializeApp(DEFAULT) {\"storageBucket\":\"thoughtfulv3.appspot.com\",\"databaseURL\":\"https://thoughtfulv3-default-rtdb.firebaseio.com\",\"projectId\":\"thoughtfulv3\"}"}}
[warn] !  functions: The Cloud Firestore emulator is not running, so calls to Firestore will affect production. {"metadata":{"emulator":{"name":"functions"},"message":"The Cloud Firestore emulator is not running, so calls to Firestore will affect production."}}
[warn] !  It looks like you're trying to access functions.config().googleapi but there is no value there. You can learn more about setting up config here: https://firebase.google.com/docs/functions/local-emulator {"metadata":{"emulator":{"name":"functions"},"message":"It looks like you're trying to access functions.config().googleapi but there is no value there. You can learn more about setting up config here: https://firebase.google.com/docs/functions/local-emulator"}}
[warn] !  TypeError: Cannot read property 'id' of undefined
    at Object.<anonymous> (C:\Users\jnico\Desktop\projects\projects\occasions\functions\scheduledOcc\sendMail.js:7:47)
    at Module._compile (internal/modules/cjs/loader.js:1138:30)
    at Object.Module._extensions..js (internal/modules/cjs/loader.js:1158:10)
    at Module.load (internal/modules/cjs/loader.js:986:32)
    at Function.Module._load (internal/modules/cjs/loader.js:879:14)
    at Module.require (internal/modules/cjs/loader.js:1026:19)
    at require (internal/modules/cjs/helpers.js:72:18)
    at Object.<anonymous> (C:\Users\jnico\Desktop\projects\projects\occasions\functions\index.js:4:22)
    at Module._compile (internal/modules/cjs/loader.js:1138:30)
    at Object.Module._extensions..js (internal/modules/cjs/loader.js:1158:10) {"metadata":{"emulator":{"name":"functions"},"message":"TypeError: Cannot read property 'id' of undefined\n    at Object.<anonymous> (C:\\Users\\jnico\\Desktop\\projects\\projects\\occasions\\functions\\scheduledOcc\\sendMail.js:7:47)\n    at Module._compile (internal/modules/cjs/loader.js:1138:30)\n    at Object.Module._extensions..js (internal/modules/cjs/loader.js:1158:10)\n    at Module.load (internal/modules/cjs/loader.js:986:32)\n    at Function.Module._load (internal/modules/cjs/loader.js:879:14)\n    at Module.require (internal/modules/cjs/loader.js:1026:19)\n    at require (internal/modules/cjs/helpers.js:72:18)\n    at Object.<anonymous> (C:\\Users\\jnico\\Desktop\\projects\\projects\\occasions\\functions\\index.js:4:22)\n    at Module._compile (internal/modules/cjs/loader.js:1138:30)\n    at Object.Module._extensions..js (internal/modules/cjs/loader.js:1158:10)"}}
[warn] !  We were unable to load your functions code. (see above) {"metadata":{"emulator":{"name":"functions"}}}
[debug] [2021-01-18T21:42:34.784Z] [worker-~diagnostic~-6513d742-cd28-4bc8-95f7-dfd438e31ab1]: exited {"metadata":{"emulator":{"name":"functions"},"message":"[worker-~diagnostic~-6513d742-cd28-4bc8-95f7-dfd438e31ab1]: exited"}}
[debug] [2021-01-18T21:42:34.785Z] [worker-~diagnostic~-6513d742-cd28-4bc8-95f7-dfd438e31ab1]: FINISHED {"metadata":{"emulator":{"name":"functions"},"message":"[worker-~diagnostic~-6513d742-cd28-4bc8-95f7-dfd438e31ab1]: FINISHED"}}
